[debug] [2022-10-10T13:29:38.810Z] ----------------------------------------------------------------------
[debug] [2022-10-10T13:29:38.815Z] Command:       C:\Program Files\nodejs\node.exe C:\Users\acer\AppData\Roaming\npm\node_modules\firebase-tools\lib\bin\firebase.js init
[debug] [2022-10-10T13:29:38.817Z] CLI Version:   11.14.1
[debug] [2022-10-10T13:29:38.817Z] Platform:      win32
[debug] [2022-10-10T13:29:38.818Z] Node Version:  v16.17.1
[debug] [2022-10-10T13:29:38.820Z] Time:          Mon Oct 10 2022 14:29:38 GMT+0100 (British Summer Time)
[debug] [2022-10-10T13:29:38.821Z] ----------------------------------------------------------------------
[debug] 
[debug] [2022-10-10T13:29:38.851Z] > command requires scopes: ["email","openid","https://www.googleapis.com/auth/cloudplatformprojects.readonly","https://www.googleapis.com/auth/firebase","https://www.googleapis.com/auth/cloud-platform"]
[debug] [2022-10-10T13:29:38.853Z] > authorizing via signed-in user (ektabhagat06@outlook.com)
[info] 
     ######## #### ########  ######## ########     ###     ######  ########
     ##        ##  ##     ## ##       ##     ##  ##   ##  ##       ##
     ######    ##  ########  ######   ########  #########  ######  ######
     ##        ##  ##    ##  ##       ##     ## ##     ##       ## ##
     ##       #### ##     ## ######## ########  ##     ##  ######  ########

You're about to initialize a Firebase project in this directory:

  C:\Users\acer\Desktop\nftweb

[info] 
=== Project Setup
[info] 
[info] First, let's associate this project directory with a Firebase project.
[info] You can create multiple project aliases by running firebase use --add, 
[info] but for now we'll just set up a default project.
[info] 
[debug] [2022-10-10T13:30:50.836Z] >>> [apiv2][query] GET https://firebase.googleapis.com/v1beta1/projects pageSize=100
[debug] [2022-10-10T13:30:52.189Z] <<< [apiv2][status] GET https://firebase.googleapis.com/v1beta1/projects 200
[debug] [2022-10-10T13:30:52.189Z] <<< [apiv2][body] GET https://firebase.googleapis.com/v1beta1/projects [omitted]
[info] i  Using project deploy-39892 (deploy) 
[info] 
=== Hosting Setup
[info] 
[info] Your public directory is the folder (relative to your project directory) that
[info] will contain Hosting assets to be uploaded with firebase deploy. If you
[info] have a build process for your assets, use your build's output directory.
[info] 
[info] +  Wrote yes/404.html 
[debug] [2022-10-10T13:35:42.012Z] >>> [apiv2][query] GET https://www.gstatic.com/firebasejs/releases.json [none]
[debug] [2022-10-10T13:35:42.418Z] <<< [apiv2][status] GET https://www.gstatic.com/firebasejs/releases.json 200
